2025-12-26T15:55:58:    ▲ Next.js 16.0.0
2025-12-26T15:55:58:    - Local:        http://localhost:4000
2025-12-26T15:55:58:    - Network:      http://192.168.50.107:4000
2025-12-26T15:55:58: 
2025-12-26T15:55:58:  ✓ Starting...
2025-12-26T15:55:58:  ✓ Ready in 500ms
2025-12-26T16:06:14:    ▲ Next.js 16.0.0
2025-12-26T16:06:14:    - Local:        http://localhost:4000
2025-12-26T16:06:14:    - Network:      http://192.168.50.107:4000
2025-12-26T16:06:14: 
2025-12-26T16:06:14:  ✓ Starting...
2025-12-26T16:06:14:  ✓ Ready in 413ms
2025-12-26T16:07:23:    ▲ Next.js 16.0.0
2025-12-26T16:07:23:    - Local:        http://localhost:4000
2025-12-26T16:07:23:    - Network:      http://192.168.50.107:4000
2025-12-26T16:07:23: 
2025-12-26T16:07:23:  ✓ Starting...
2025-12-26T16:07:23:  ✓ Ready in 378ms
2025-12-26T16:29:01:    ▲ Next.js 16.0.0
2025-12-26T16:29:01:    - Local:        http://localhost:4000
2025-12-26T16:29:01:    - Network:      http://192.168.50.107:4000
2025-12-26T16:29:01: 
2025-12-26T16:29:01:  ✓ Starting...
2025-12-26T16:29:01:  ✓ Ready in 368ms
2025-12-26T16:35:43:    ▲ Next.js 16.0.0
2025-12-26T16:35:43:    - Local:        http://localhost:4000
2025-12-26T16:35:43:    - Network:      http://192.168.50.107:4000
2025-12-26T16:35:43: 
2025-12-26T16:35:43:  ✓ Starting...
2025-12-26T16:35:44:  ✓ Ready in 404ms
2025-12-26T16:51:12:    ▲ Next.js 16.0.0
2025-12-26T16:51:12:    - Local:        http://localhost:4000
2025-12-26T16:51:12:    - Network:      http://192.168.50.107:4000
2025-12-26T16:51:12: 
2025-12-26T16:51:12:  ✓ Starting...
2025-12-26T16:51:12:  ✓ Ready in 300ms
2025-12-26T16:51:51:    ▲ Next.js 16.0.0
2025-12-26T16:51:51:    - Local:        http://localhost:4000
2025-12-26T16:51:51:    - Network:      http://192.168.50.107:4000
2025-12-26T16:51:51: 
2025-12-26T16:51:51:  ✓ Starting...
2025-12-26T16:51:51:  ✓ Ready in 348ms
2025-12-26T16:51:54:    ▲ Next.js 16.0.0
2025-12-26T16:51:54:    - Local:        http://localhost:4000
2025-12-26T16:51:54:    - Network:      http://192.168.50.107:4000
2025-12-26T16:51:54: 
2025-12-26T16:51:54:  ✓ Starting...
2025-12-26T16:51:54:  ✓ Ready in 499ms
2025-12-26T16:51:57:    ▲ Next.js 16.0.0
2025-12-26T16:51:57:    - Local:        http://localhost:4000
2025-12-26T16:51:57:    - Network:      http://192.168.50.107:4000
2025-12-26T16:51:57: 
2025-12-26T16:51:57:  ✓ Starting...
2025-12-26T16:51:57:  ✓ Ready in 364ms
2025-12-26T16:51:59:    ▲ Next.js 16.0.0
2025-12-26T16:51:59:    - Local:        http://localhost:4000
2025-12-26T16:51:59:    - Network:      http://192.168.50.107:4000
2025-12-26T16:51:59: 
2025-12-26T16:51:59:  ✓ Starting...
2025-12-26T16:52:00:  ✓ Ready in 363ms
2025-12-26T16:52:03:    ▲ Next.js 16.0.0
2025-12-26T16:52:03:    - Local:        http://localhost:4000
2025-12-26T16:52:03:    - Network:      http://192.168.50.107:4000
2025-12-26T16:52:03: 
2025-12-26T16:52:03:  ✓ Starting...
2025-12-26T16:52:03:  ✓ Ready in 374ms
2025-12-26T16:52:06:    ▲ Next.js 16.0.0
2025-12-26T16:52:06:    - Local:        http://localhost:4000
2025-12-26T16:52:06:    - Network:      http://192.168.50.107:4000
2025-12-26T16:52:06: 
2025-12-26T16:52:06:  ✓ Starting...
2025-12-26T16:52:06:  ✓ Ready in 398ms
2025-12-26T16:52:09:    ▲ Next.js 16.0.0
2025-12-26T16:52:09:    - Local:        http://localhost:4000
2025-12-26T16:52:09:    - Network:      http://192.168.50.107:4000
2025-12-26T16:52:09: 
2025-12-26T16:52:09:  ✓ Starting...
2025-12-26T16:52:10:  ✓ Ready in 969ms
2025-12-26T16:53:09:    ▲ Next.js 16.0.0
2025-12-26T16:53:09:    - Local:        http://localhost:4000
2025-12-26T16:53:09:    - Network:      http://192.168.50.107:4000
2025-12-26T16:53:09: 
2025-12-26T16:53:09:  ✓ Starting...
2025-12-26T16:53:09:  ✓ Ready in 394ms
2025-12-26T16:53:13:    ▲ Next.js 16.0.0
2025-12-26T16:53:13:    - Local:        http://localhost:4000
2025-12-26T16:53:13:    - Network:      http://192.168.50.107:4000
2025-12-26T16:53:13: 
2025-12-26T16:53:13:  ✓ Starting...
2025-12-26T16:53:13:  ✓ Ready in 378ms
2025-12-26T16:54:30:    ▲ Next.js 16.0.0
2025-12-26T16:54:30:    - Local:        http://localhost:4000
2025-12-26T16:54:30:    - Network:      http://192.168.50.107:4000
2025-12-26T16:54:30: 
2025-12-26T16:54:30:  ✓ Starting...
2025-12-26T16:54:31:  ✓ Ready in 310ms
2025-12-26T16:56:31:    ▲ Next.js 16.0.0
2025-12-26T16:56:31:    - Local:        http://localhost:4000
2025-12-26T16:56:31:    - Network:      http://192.168.50.107:4000
2025-12-26T16:56:31: 
2025-12-26T16:56:31:  ✓ Starting...
2025-12-26T16:56:31:  ✓ Ready in 316ms
2025-12-26T16:58:27:    ▲ Next.js 16.0.0
2025-12-26T16:58:27:    - Local:        http://localhost:4000
2025-12-26T16:58:27:    - Network:      http://192.168.50.107:4000
2025-12-26T16:58:27: 
2025-12-26T16:58:27:  ✓ Starting...
2025-12-26T16:58:27:  ✓ Ready in 353ms
2025-12-26T16:58:29:    ▲ Next.js 16.0.0
2025-12-26T16:58:29:    - Local:        http://localhost:4000
2025-12-26T16:58:29:    - Network:      http://192.168.50.107:4000
2025-12-26T16:58:29: 
2025-12-26T16:58:29:  ✓ Starting...
2025-12-26T16:58:29:  ✓ Ready in 284ms
2025-12-26T16:58:32:    ▲ Next.js 16.0.0
2025-12-26T16:58:32:    - Local:        http://localhost:4000
2025-12-26T16:58:32:    - Network:      http://192.168.50.107:4000
2025-12-26T16:58:32: 
2025-12-26T16:58:32:  ✓ Starting...
2025-12-26T16:58:33:  ✓ Ready in 401ms
2025-12-26T16:58:35:    ▲ Next.js 16.0.0
2025-12-26T16:58:35:    - Local:        http://localhost:4000
2025-12-26T16:58:35:    - Network:      http://192.168.50.107:4000
2025-12-26T16:58:35: 
2025-12-26T16:58:35:  ✓ Starting...
2025-12-26T16:58:35:  ✓ Ready in 285ms
